\BOOKMARK [1][-]{section.1}{Motivation}{}% 1
\BOOKMARK [2][-]{subsection.1.1}{Applications of Phylogenies}{section.1}% 2
\BOOKMARK [2][-]{subsection.1.2}{Validating the Tree}{section.1}% 3
\BOOKMARK [2][-]{subsection.1.3}{Robust Estimate}{section.1}% 4
\BOOKMARK [1][-]{section.2}{Sources of Error}{}% 5
\BOOKMARK [2][-]{subsection.2.1}{Sampling Errors}{section.2}% 6
\BOOKMARK [2][-]{subsection.2.2}{Modeling Errors}{section.2}% 7
\BOOKMARK [1][-]{section.3}{Robustness}{}% 8
\BOOKMARK [2][-]{subsection.3.1}{Support Values}{section.3}% 9
\BOOKMARK [3][-]{subsubsection.3.1.1}{Bootstrap}{subsection.3.1}% 10
\BOOKMARK [3][-]{subsubsection.3.1.2}{Posterior Probabilities}{subsection.3.1}% 11
\BOOKMARK [3][-]{subsubsection.3.1.3}{Likelihood-based Support Values}{subsection.3.1}% 12
\BOOKMARK [2][-]{subsection.3.2}{Outliers in the Data}{section.3}% 13
\BOOKMARK [2][-]{subsection.3.3}{Taxon Sampling}{section.3}% 14
\BOOKMARK [1][-]{section.4}{Consensus Methods}{}% 15
\BOOKMARK [2][-]{subsection.4.1}{Consensus Trees}{section.4}% 16
\BOOKMARK [3][-]{subsubsection.4.1.1}{Strict Consensus}{subsection.4.1}% 17
\BOOKMARK [3][-]{subsubsection.4.1.2}{Majority-rule Consensus}{subsection.4.1}% 18
\BOOKMARK [3][-]{subsubsection.4.1.3}{Extended Majority-rule Consensus}{subsection.4.1}% 19
\BOOKMARK [3][-]{subsubsection.4.1.4}{Branch Lengths in Consensus Trees}{subsection.4.1}% 20
\BOOKMARK [2][-]{subsection.4.2}{Distance-based Consensus}{section.4}% 21
\BOOKMARK [1][-]{section.5}{Extensions}{}% 22
\BOOKMARK [2][-]{subsection.5.1}{Tree Space definition}{section.5}% 23
\BOOKMARK [2][-]{subsection.5.2}{Use of BHV distance}{section.5}% 24
\BOOKMARK [2][-]{subsection.5.3}{Need for a Strong Theoretical Framework}{section.5}% 25
